[02:16:34] [main/WARN]: Ambiguity between arguments [teleport, destination] and [teleport, targets] with inputs: [Player, 0123, @e, dd12be42-52a9-4a91-a8a1-11c01849e498]
[02:16:34] [main/WARN]: Ambiguity between arguments [teleport, location] and [teleport, destination] with inputs: [0.1 -0.5 .9, 0 0 0]
[02:16:34] [main/WARN]: Ambiguity between arguments [teleport, location] and [teleport, targets] with inputs: [0.1 -0.5 .9, 0 0 0]
[02:16:34] [main/WARN]: Ambiguity between arguments [teleport, targets] and [teleport, destination] with inputs: [Player, 0123, dd12be42-52a9-4a91-a8a1-11c01849e498]
[02:16:34] [main/WARN]: Ambiguity between arguments [teleport, targets, location] and [teleport, targets, destination] with inputs: [0.1 -0.5 .9, 0 0 0]
[02:16:34] [main/INFO]: Reloading ResourceManager: Default
[02:16:36] [Worker-Main-2/INFO]: Loaded 7 recipes
[02:16:37] [Worker-Main-2/INFO]: Loaded 927 advancements
[02:16:40] [Server thread/INFO]: Starting minecraft server version 1.16.3
[02:16:40] [Server thread/WARN]: To start the server with more ram, launch it as "java -Xmx1024M -Xms1024M -jar minecraft_server.jar"
[02:16:40] [Server thread/INFO]: Loading properties
[02:16:40] [Server thread/INFO]: Default game type: SURVIVAL
[02:16:40] [Server thread/INFO]: Generating keypair
[02:16:40] [Server thread/INFO]: Starting Minecraft server on *:25565
[02:16:41] [Server thread/INFO]: Using epoll channel type
[02:16:41] [Server thread/WARN]: **** SERVER IS RUNNING IN OFFLINE/INSECURE MODE!
[02:16:41] [Server thread/WARN]: The server will make no attempt to authenticate usernames. Beware.
[02:16:41] [Server thread/WARN]: While this makes the game possible to play without internet access, it also opens up the ability for hackers to connect with any username they choose.
[02:16:41] [Server thread/WARN]: To change this, set "online-mode" to "true" in the server.properties file.
[02:16:41] [Server thread/INFO]: Preparing level "world"
[02:16:41] [Server thread/INFO]: Preparing start region for dimension minecraft:overworld
[02:16:45] [Server thread/INFO]: Preparing spawn area: 0%
[02:16:45] [Server thread/INFO]: Preparing spawn area: 0%
[02:16:45] [Server thread/INFO]: Preparing spawn area: 0%
[02:16:45] [Server thread/INFO]: Preparing spawn area: 0%
[02:16:45] [Server thread/INFO]: Preparing spawn area: 0%
[02:16:45] [Server thread/INFO]: Preparing spawn area: 0%
[02:16:45] [Server thread/INFO]: Preparing spawn area: 0%
[02:16:45] [Server thread/INFO]: Preparing spawn area: 0%
[02:16:45] [Server thread/INFO]: Preparing spawn area: 0%
[02:16:46] [Server thread/INFO]: Preparing spawn area: 0%
[02:16:46] [Server thread/INFO]: Preparing spawn area: 55%
[02:16:47] [Server thread/INFO]: Time elapsed: 6122 ms
[02:16:47] [Server thread/INFO]: Done (6.353s)! For help, type "help"
[02:16:50] [Server thread/INFO]: Cheloo[/186.123.51.180:17754] logged in with entity id 309 at (-11.361035981031604, 45.0, -109.02103722437454)
[02:16:50] [Server thread/INFO]: Cheloo joined the game
[02:16:51] [Server thread/WARN]: Can't keep up! Is the server overloaded? Running 3225ms or 64 ticks behind
[02:17:24] [Server thread/WARN]: Can't keep up! Is the server overloaded? Running 18248ms or 364 ticks behind
[02:18:34] [Server thread/INFO]: [Cheloo: Set own game mode to Spectator Mode]
[02:18:55] [Server thread/INFO]: [Cheloo: Set own game mode to Survival Mode]
[02:19:28] [Server thread/INFO]: Euge1234[/181.169.239.175:52862] logged in with entity id 689 at (-11.032483639142484, 29.255977221587433, -167.90500475803603)
[02:19:28] [Server thread/INFO]: Euge1234 joined the game
[02:19:33] [Server thread/INFO]: [Cheloo: Set Euge1234's game mode to Spectator Mode]
[02:19:48] [Server thread/INFO]: [Cheloo: Set Euge1234's game mode to Creative Mode]
[02:20:22] [Server thread/INFO]: <Euge1234> gamerule
[02:20:42] [Server thread/INFO]: Made Euge1234 a server operator
[02:20:48] [Server thread/INFO]: [Euge1234: Set own game mode to Survival Mode]
[02:20:56] [Server thread/INFO]: [Euge1234: Gamerule keepInventory is now set to: true]
[02:22:13] [Server thread/WARN]: Can't keep up! Is the server overloaded? Running 4024ms or 80 ticks behind
[02:22:41] [Server thread/WARN]: Can't keep up! Is the server overloaded? Running 2020ms or 40 ticks behind
[02:24:14] [Server thread/WARN]: Mismatch in destroy block pos: fx{x=-132, y=68, z=-291} fx{x=-132, y=67, z=-292}
[02:57:49] [Server thread/WARN]: Fetching packet for removed entity bcs['Air'/7843, l='ServerLevel[world]', x=-161.83, y=72.00, z=-166.14]
[02:57:49] [Server thread/WARN]: Fetching packet for removed entity bcs['Air'/7843, l='ServerLevel[world]', x=-161.83, y=72.00, z=-166.14]
[03:07:49] [Server thread/INFO]: Villager bfg['Librarian'/238, l='ServerLevel[world]', x=-147.66, y=77.00, z=-155.70] died, message: 'Librarian was slain by Zombie'
[03:44:04] [Server thread/WARN]: Mismatch in destroy block pos: fx{x=-142, y=60, z=-131} fx{x=-142, y=60, z=-132}
[04:01:25] [Server thread/WARN]: Fetching packet for removed entity bcs['Air'/17708, l='ServerLevel[world]', x=-163.46, y=72.00, z=-167.17]
[04:01:25] [Server thread/WARN]: Fetching packet for removed entity bcs['Air'/17708, l='ServerLevel[world]', x=-163.46, y=72.00, z=-167.17]
[04:05:25] [Server thread/INFO]: Euge1234 lost connection: Disconnected
[04:05:25] [Server thread/INFO]: Euge1234 left the game
[04:13:35] [Server thread/INFO]: [Cheloo: Set own game mode to Creative Mode]
[04:17:19] [Server thread/INFO]: [Cheloo: Set own game mode to Survival Mode]
[04:18:51] [Server thread/INFO]: [Cheloo: Set own game mode to Creative Mode]
[04:23:10] [Server thread/INFO]: [Cheloo: Set own game mode to Survival Mode]
[04:23:20] [Server thread/INFO]: Cheloo lost connection: Disconnected
[04:23:20] [Server thread/INFO]: Cheloo left the game
[06:34:51] [Server console handler/ERROR]: Exception handling console input
java.io.IOException: Error de entrada/salida
	at java.io.FileInputStream.readBytes(Native Method) ~[?:1.8.0_265]
	at java.io.FileInputStream.read(FileInputStream.java:255) ~[?:1.8.0_265]
	at java.io.BufferedInputStream.read1(BufferedInputStream.java:284) ~[?:1.8.0_265]
	at java.io.BufferedInputStream.read(BufferedInputStream.java:345) ~[?:1.8.0_265]
	at sun.nio.cs.StreamDecoder.readBytes(StreamDecoder.java:284) ~[?:1.8.0_265]
	at sun.nio.cs.StreamDecoder.implRead(StreamDecoder.java:326) ~[?:1.8.0_265]
	at sun.nio.cs.StreamDecoder.read(StreamDecoder.java:178) ~[?:1.8.0_265]
	at java.io.InputStreamReader.read(InputStreamReader.java:184) ~[?:1.8.0_265]
	at java.io.BufferedReader.fill(BufferedReader.java:161) ~[?:1.8.0_265]
	at java.io.BufferedReader.readLine(BufferedReader.java:324) ~[?:1.8.0_265]
	at java.io.BufferedReader.readLine(BufferedReader.java:389) ~[?:1.8.0_265]
	at zg$1.run(SourceFile:89) [server.jar:?]
[06:34:51] [Server thread/INFO]: Stopping server
[06:34:51] [Server thread/INFO]: Saving players
[06:34:51] [Server thread/INFO]: Saving worlds
[06:34:51] [Server thread/INFO]: Saving chunks for level 'ServerLevel[world]'/minecraft:overworld
[06:34:51] [Server thread/INFO]: ThreadedAnvilChunkStorage (world): All chunks are saved
[06:34:51] [Server thread/INFO]: Saving chunks for level 'ServerLevel[world]'/minecraft:the_nether
[06:34:51] [Server thread/INFO]: ThreadedAnvilChunkStorage (DIM-1): All chunks are saved
[06:34:51] [Server thread/INFO]: Saving chunks for level 'ServerLevel[world]'/minecraft:the_end
[06:34:51] [Server thread/INFO]: ThreadedAnvilChunkStorage (DIM1): All chunks are saved
[06:34:51] [Server thread/INFO]: ThreadedAnvilChunkStorage (world): All chunks are saved
[06:34:51] [Server thread/INFO]: ThreadedAnvilChunkStorage (DIM-1): All chunks are saved
[06:34:51] [Server thread/INFO]: ThreadedAnvilChunkStorage (DIM1): All chunks are saved
